-------------------------------------------------------------------------------
Test set: TestSuite
-------------------------------------------------------------------------------
Tests run: 1, Failures: 1, Errors: 0, Skipped: 0, Time elapsed: 141.68 sec <<< FAILURE! - in TestSuite
feature(runner.Login_Runner)  Time elapsed: 132.582 sec  <<< FAILURE!
cucumber.runtime.CucumberException: java.lang.AssertionError: User got logged in so failing this step.. expected [true] but found [false]
Caused by: java.lang.AssertionError: User got logged in so failing this step.. expected [true] but found [false]

